24-08-16.20:22:46.777 [main            ] INFO  RaffleStrategyTest     - Starting RaffleStrategyTest using Java 1.8.0_281 on DESKTOP-VCO2F1Q with PID 10464 (started by pc in D:\Code\idea\tmp\big-market\big-market-app)
24-08-16.20:22:46.778 [main            ] INFO  RaffleStrategyTest     - The following 1 profile is active: "dev"
24-08-16.20:22:47.693 [main            ] INFO  RepositoryConfigurationDelegate - Multiple Spring Data modules found, entering strict repository configuration mode
24-08-16.20:22:47.697 [main            ] INFO  RepositoryConfigurationDelegate - Bootstrapping Spring Data Redis repositories in DEFAULT mode.
24-08-16.20:22:47.731 [main            ] INFO  RepositoryConfigurationDelegate - Finished Spring Data repository scanning in 20 ms. Found 0 Redis repository interfaces.
24-08-16.20:22:48.934 [main            ] INFO  Version                - Redisson 3.26.0
24-08-16.20:22:49.345 [redisson-netty-1-4] INFO  ConnectionsHolder      - 1 connections initialized for 127.0.0.1/127.0.0.1:16379
24-08-16.20:22:49.359 [redisson-netty-1-13] INFO  ConnectionsHolder      - 5 connections initialized for 127.0.0.1/127.0.0.1:16379
24-08-16.20:22:50.872 [main            ] INFO  EndpointLinksResolver  - Exposing 1 endpoint(s) beneath base path '/actuator'
24-08-16.20:22:50.953 [main            ] INFO  RaffleStrategyTest     - Started RaffleStrategyTest in 4.507 seconds (JVM running for 5.749)
24-08-16.20:22:51.298 [main            ] INFO  HikariDataSource       - HikariPool-1 - Starting...
24-08-16.20:22:51.650 [main            ] INFO  HikariDataSource       - HikariPool-1 - Start completed.
24-08-16.20:22:51.950 [main            ] INFO  RaffleStrategyTest     - 测试结果：true
24-08-16.20:22:51.980 [main            ] INFO  RaffleStrategyTest     - 测试结果：true
24-08-16.20:22:51.998 [main            ] INFO  DefaultLogicChain      - 抽奖责任链-默认处理 userId: xiaofuge strategyId: 100006 ruleModel: rule_default awardId: 102
24-08-16.20:22:52.000 [main            ] INFO  AbstractRaffleStrategy - 抽奖策略计算-责任链 xiaofuge 100006 102 rule_default
24-08-16.20:22:52.015 [main            ] INFO  RuleLockLogicTreeNode  - 规则过滤-次数锁 userId:xiaofuge strategyId:100006 awardId:102
24-08-16.20:22:52.017 [main            ] INFO  DecisionTreeEngine     - 决策树引擎【规则树】treeId:tree_lock node:rule_lock code:0000
24-08-16.20:22:52.018 [main            ] INFO  RuleStockLogicTreeNode - 规则过滤-库存扣减 userId:xiaofuge strategyId:100006 awardId:102
24-08-16.20:22:52.064 [SpringApplicationShutdownHook] INFO  HikariDataSource       - HikariPool-1 - Shutdown initiated...
24-08-16.20:22:52.071 [SpringApplicationShutdownHook] INFO  HikariDataSource       - HikariPool-1 - Shutdown completed.
24-08-16.20:23:18.875 [main            ] INFO  RaffleStrategyTest     - Starting RaffleStrategyTest using Java 1.8.0_281 on DESKTOP-VCO2F1Q with PID 18056 (started by pc in D:\Code\idea\tmp\big-market\big-market-app)
24-08-16.20:23:18.876 [main            ] INFO  RaffleStrategyTest     - The following 1 profile is active: "dev"
24-08-16.20:23:19.616 [main            ] INFO  RepositoryConfigurationDelegate - Multiple Spring Data modules found, entering strict repository configuration mode
24-08-16.20:23:19.619 [main            ] INFO  RepositoryConfigurationDelegate - Bootstrapping Spring Data Redis repositories in DEFAULT mode.
24-08-16.20:23:19.650 [main            ] INFO  RepositoryConfigurationDelegate - Finished Spring Data repository scanning in 13 ms. Found 0 Redis repository interfaces.
24-08-16.20:23:20.692 [main            ] INFO  Version                - Redisson 3.26.0
24-08-16.20:23:21.006 [redisson-netty-1-4] INFO  ConnectionsHolder      - 1 connections initialized for 127.0.0.1/127.0.0.1:16379
24-08-16.20:23:21.027 [redisson-netty-1-13] INFO  ConnectionsHolder      - 5 connections initialized for 127.0.0.1/127.0.0.1:16379
24-08-16.20:23:22.448 [main            ] INFO  EndpointLinksResolver  - Exposing 1 endpoint(s) beneath base path '/actuator'
24-08-16.20:23:22.502 [main            ] INFO  RaffleStrategyTest     - Started RaffleStrategyTest in 3.993 seconds (JVM running for 4.814)
24-08-16.20:23:22.833 [main            ] INFO  HikariDataSource       - HikariPool-1 - Starting...
24-08-16.20:23:23.217 [main            ] INFO  HikariDataSource       - HikariPool-1 - Start completed.
24-08-16.20:23:23.449 [main            ] INFO  RaffleStrategyTest     - 测试结果：true
24-08-16.20:23:23.466 [main            ] INFO  RaffleStrategyTest     - 测试结果：true
24-08-16.20:23:23.480 [main            ] INFO  DefaultLogicChain      - 抽奖责任链-默认处理 userId: xiaofuge strategyId: 100006 ruleModel: rule_default awardId: 102
24-08-16.20:23:23.481 [main            ] INFO  AbstractRaffleStrategy - 抽奖策略计算-责任链 xiaofuge 100006 102 rule_default
24-08-16.20:23:23.497 [main            ] INFO  RuleLockLogicTreeNode  - 规则过滤-次数锁 userId:xiaofuge strategyId:100006 awardId:102
24-08-16.20:23:23.498 [main            ] INFO  DecisionTreeEngine     - 决策树引擎【规则树】treeId:tree_lock node:rule_lock code:0000
24-08-16.20:23:23.498 [main            ] INFO  RuleStockLogicTreeNode - 规则过滤-库存扣减 userId:xiaofuge strategyId:100006 awardId:102
24-08-16.20:23:23.501 [main            ] INFO  RuleStockLogicTreeNode - 规则过滤-库存扣减-成功 userId:xiaofuge strategyId:100006 awardId:102
24-08-16.20:23:23.535 [main            ] INFO  DecisionTreeEngine     - 决策树引擎【规则树】treeId:tree_lock node:rule_stock code:0001
24-08-16.20:23:23.535 [main            ] INFO  RuleLuckAwardLogicTreeNode - 规则过滤-兜底奖品 userId:xiaofuge strategyId:100006 awardId:102 ruleValue:101:1,100
24-08-16.20:23:23.535 [main            ] INFO  RuleLuckAwardLogicTreeNode - 规则过滤-兜底奖品 userId:xiaofuge strategyId:100006 awardId:101 awardRuleValue:1,100
24-08-16.20:23:23.535 [main            ] INFO  DecisionTreeEngine     - 决策树引擎【规则树】treeId:tree_lock node:rule_luck_award code:0001
24-08-16.20:23:23.535 [main            ] INFO  AbstractRaffleStrategy - 抽奖策略计算-规则树 xiaofuge 100006 101 1,100
24-08-16.20:23:23.953 [main            ] INFO  RaffleStrategyTest     - 请求参数：{"strategyId":100006,"userId":"xiaofuge"}
24-08-16.20:23:23.955 [main            ] INFO  RaffleStrategyTest     - 测试结果：{"awardConfig":"1,100","awardId":101,"sort":1}
24-08-16.20:23:23.961 [main            ] INFO  DefaultLogicChain      - 抽奖责任链-默认处理 userId: xiaofuge strategyId: 100006 ruleModel: rule_default awardId: 101
24-08-16.20:23:23.961 [main            ] INFO  AbstractRaffleStrategy - 抽奖策略计算-责任链 xiaofuge 100006 101 rule_default
24-08-16.20:23:23.965 [main            ] INFO  RuleLockLogicTreeNode  - 规则过滤-次数锁 userId:xiaofuge strategyId:100006 awardId:101
24-08-16.20:23:23.965 [main            ] INFO  DecisionTreeEngine     - 决策树引擎【规则树】treeId:tree_lock node:rule_lock code:0000
24-08-16.20:23:23.965 [main            ] INFO  RuleStockLogicTreeNode - 规则过滤-库存扣减 userId:xiaofuge strategyId:100006 awardId:101
24-08-16.20:23:23.967 [main            ] INFO  RuleStockLogicTreeNode - 规则过滤-库存扣减-成功 userId:xiaofuge strategyId:100006 awardId:101
24-08-16.20:23:23.969 [main            ] INFO  DecisionTreeEngine     - 决策树引擎【规则树】treeId:tree_lock node:rule_stock code:0001
24-08-16.20:23:23.969 [main            ] INFO  RuleLuckAwardLogicTreeNode - 规则过滤-兜底奖品 userId:xiaofuge strategyId:100006 awardId:101 ruleValue:101:1,100
24-08-16.20:23:23.969 [main            ] INFO  RuleLuckAwardLogicTreeNode - 规则过滤-兜底奖品 userId:xiaofuge strategyId:100006 awardId:101 awardRuleValue:1,100
24-08-16.20:23:23.969 [main            ] INFO  DecisionTreeEngine     - 决策树引擎【规则树】treeId:tree_lock node:rule_luck_award code:0001
24-08-16.20:23:23.969 [main            ] INFO  AbstractRaffleStrategy - 抽奖策略计算-规则树 xiaofuge 100006 101 1,100
24-08-16.20:23:23.971 [main            ] INFO  RaffleStrategyTest     - 请求参数：{"strategyId":100006,"userId":"xiaofuge"}
24-08-16.20:23:23.971 [main            ] INFO  RaffleStrategyTest     - 测试结果：{"awardConfig":"1,100","awardId":101,"sort":1}
24-08-16.20:23:23.975 [main            ] INFO  DefaultLogicChain      - 抽奖责任链-默认处理 userId: xiaofuge strategyId: 100006 ruleModel: rule_default awardId: 102
24-08-16.20:23:23.975 [main            ] INFO  AbstractRaffleStrategy - 抽奖策略计算-责任链 xiaofuge 100006 102 rule_default
24-08-16.20:23:23.978 [main            ] INFO  RuleLockLogicTreeNode  - 规则过滤-次数锁 userId:xiaofuge strategyId:100006 awardId:102
24-08-16.20:23:23.978 [main            ] INFO  DecisionTreeEngine     - 决策树引擎【规则树】treeId:tree_lock node:rule_lock code:0000
24-08-16.20:23:23.978 [main            ] INFO  RuleStockLogicTreeNode - 规则过滤-库存扣减 userId:xiaofuge strategyId:100006 awardId:102
24-08-16.20:23:23.980 [main            ] INFO  RuleStockLogicTreeNode - 规则过滤-库存扣减-成功 userId:xiaofuge strategyId:100006 awardId:102
24-08-16.20:23:23.981 [main            ] INFO  DecisionTreeEngine     - 决策树引擎【规则树】treeId:tree_lock node:rule_stock code:0001
24-08-16.20:23:23.981 [main            ] INFO  RuleLuckAwardLogicTreeNode - 规则过滤-兜底奖品 userId:xiaofuge strategyId:100006 awardId:102 ruleValue:101:1,100
24-08-16.20:23:23.981 [main            ] INFO  RuleLuckAwardLogicTreeNode - 规则过滤-兜底奖品 userId:xiaofuge strategyId:100006 awardId:101 awardRuleValue:1,100
24-08-16.20:23:23.981 [main            ] INFO  DecisionTreeEngine     - 决策树引擎【规则树】treeId:tree_lock node:rule_luck_award code:0001
24-08-16.20:23:23.981 [main            ] INFO  AbstractRaffleStrategy - 抽奖策略计算-规则树 xiaofuge 100006 101 1,100
24-08-16.20:23:23.983 [main            ] INFO  RaffleStrategyTest     - 请求参数：{"strategyId":100006,"userId":"xiaofuge"}
24-08-16.20:23:23.983 [main            ] INFO  RaffleStrategyTest     - 测试结果：{"awardConfig":"1,100","awardId":101,"sort":1}
24-08-16.20:23:25.015 [scheduling-1    ] INFO  UpdateAwardStockJob    - 定时任务，更新奖品消耗库存【延迟队列获取，降低对数据库的更新频次，不要产生竞争】
24-08-16.20:23:30.016 [scheduling-1    ] INFO  UpdateAwardStockJob    - 定时任务，更新奖品消耗库存【延迟队列获取，降低对数据库的更新频次，不要产生竞争】
24-08-16.20:23:30.017 [scheduling-1    ] INFO  UpdateAwardStockJob    - 定时任务，更新奖品消耗库存 strategyId:100006 awardId:102
24-08-16.20:23:35.008 [scheduling-1    ] INFO  UpdateAwardStockJob    - 定时任务，更新奖品消耗库存【延迟队列获取，降低对数据库的更新频次，不要产生竞争】
24-08-16.20:23:35.010 [scheduling-1    ] INFO  UpdateAwardStockJob    - 定时任务，更新奖品消耗库存 strategyId:100006 awardId:101
24-08-16.20:23:40.015 [scheduling-1    ] INFO  UpdateAwardStockJob    - 定时任务，更新奖品消耗库存【延迟队列获取，降低对数据库的更新频次，不要产生竞争】
24-08-16.20:23:40.018 [scheduling-1    ] INFO  UpdateAwardStockJob    - 定时任务，更新奖品消耗库存 strategyId:100006 awardId:102
24-08-16.20:23:45.004 [scheduling-1    ] INFO  UpdateAwardStockJob    - 定时任务，更新奖品消耗库存【延迟队列获取，降低对数据库的更新频次，不要产生竞争】
24-08-16.20:23:50.014 [scheduling-1    ] INFO  UpdateAwardStockJob    - 定时任务，更新奖品消耗库存【延迟队列获取，降低对数据库的更新频次，不要产生竞争】
24-08-16.20:23:55.012 [scheduling-1    ] INFO  UpdateAwardStockJob    - 定时任务，更新奖品消耗库存【延迟队列获取，降低对数据库的更新频次，不要产生竞争】
24-08-16.20:24:00.011 [scheduling-1    ] INFO  UpdateAwardStockJob    - 定时任务，更新奖品消耗库存【延迟队列获取，降低对数据库的更新频次，不要产生竞争】
24-08-16.20:24:05.007 [scheduling-1    ] INFO  UpdateAwardStockJob    - 定时任务，更新奖品消耗库存【延迟队列获取，降低对数据库的更新频次，不要产生竞争】
24-08-16.20:24:06.477 [SpringApplicationShutdownHook] INFO  HikariDataSource       - HikariPool-1 - Shutdown initiated...
24-08-16.20:24:06.481 [SpringApplicationShutdownHook] INFO  HikariDataSource       - HikariPool-1 - Shutdown completed.
